<?xml version="1.0" encoding="UTF-8"?>
<testsuite xmlns:xsi="http://www.w3.org/2001/XMLSchema-instance" xsi:noNamespaceSchemaLocation="https://maven.apache.org/surefire/maven-surefire-plugin/xsd/surefire-test-report.xsd" version="3.0.2" name="com.priyhotel.PriyhotelApplicationTests" time="10.725" tests="1" errors="0" skipped="0" failures="0">
  <properties>
[...]
</properties>
  <testcase name="contextLoads" classname="com.priyhotel.PriyhotelApplicationTests" time="0.485">
    <system-out><![CDATA[22:25:25.700 [main] INFO org.springframework.test.context.support.AnnotationConfigContextLoaderUtils -- Could not detect default configuration classes for test class [com.priyhotel.PriyhotelApplicationTests]: PriyhotelApplicationTests does not declare any static, non-private, non-final, nested classes annotated with @Configuration.
22:25:25.856 [main] INFO org.springframework.boot.test.context.SpringBootTestContextBootstrapper -- Found @SpringBootConfiguration com.priyhotel.PriyhotelApplication for test class com.priyhotel.PriyhotelApplicationTests
22:25:26.089 [main] INFO org.springframework.boot.devtools.restart.RestartApplicationListener -- Restart disabled due to context in which it is running

  .   ____          _            __ _ _
 /\\ / ___'_ __ _ _(_)_ __  __ _ \ \ \ \
( ( )\___ | '_ | '_| | '_ \/ _` | \ \ \ \
 \\/  ___)| |_)| | | | | || (_| |  ) ) ) )
  '  |____| .__|_| |_|_| |_\__, | / / / /
 =========|_|==============|___/=/_/_/_/

 :: Spring Boot ::                (v3.4.3)

2025-04-10T22:25:26.525+05:30  WARN 37656 --- [priyhotel] [           main] ory$DuplicateJsonObjectContextCustomizer : 

Found multiple occurrences of org.json.JSONObject on the class path:

	jar:file:/C:/Users/mohammadansari01/.m2/repository/org/json/json/20231013/json-20231013.jar!/org/json/JSONObject.class
	jar:file:/C:/Users/mohammadansari01/.m2/repository/com/vaadin/external/google/android-json/0.0.20131108.vaadin1/android-json-0.0.20131108.vaadin1.jar!/org/json/JSONObject.class

You may wish to exclude one of them to ensure predictable runtime behavior

2025-04-10T22:25:26.554+05:30  INFO 37656 --- [priyhotel] [           main] c.priyhotel.PriyhotelApplicationTests    : Starting PriyhotelApplicationTests using Java 21.0.4 with PID 37656 (started by mohammadansari01 in C:\Users\mohammadansari01\Desktop\practice code\priyhotel\priyhotel)
2025-04-10T22:25:26.554+05:30  INFO 37656 --- [priyhotel] [           main] c.priyhotel.PriyhotelApplicationTests    : No active profile set, falling back to 1 default profile: "default"
2025-04-10T22:25:28.166+05:30  INFO 37656 --- [priyhotel] [           main] .s.d.r.c.RepositoryConfigurationDelegate : Bootstrapping Spring Data JPA repositories in DEFAULT mode.
2025-04-10T22:25:28.309+05:30  INFO 37656 --- [priyhotel] [           main] .s.d.r.c.RepositoryConfigurationDelegate : Finished Spring Data repository scanning in 119 ms. Found 12 JPA repository interfaces.
2025-04-10T22:25:29.212+05:30  INFO 37656 --- [priyhotel] [           main] o.hibernate.jpa.internal.util.LogHelper  : HHH000204: Processing PersistenceUnitInfo [name: default]
2025-04-10T22:25:29.339+05:30  INFO 37656 --- [priyhotel] [           main] org.hibernate.Version                    : HHH000412: Hibernate ORM core version 6.6.8.Final
2025-04-10T22:25:29.390+05:30  INFO 37656 --- [priyhotel] [           main] o.h.c.internal.RegionFactoryInitiator    : HHH000026: Second-level cache disabled
2025-04-10T22:25:29.901+05:30  INFO 37656 --- [priyhotel] [           main] o.s.o.j.p.SpringPersistenceUnitInfo      : No LoadTimeWeaver setup: ignoring JPA class transformer
2025-04-10T22:25:29.925+05:30  INFO 37656 --- [priyhotel] [           main] com.zaxxer.hikari.HikariDataSource       : HikariPool-1 - Starting...
2025-04-10T22:25:30.223+05:30  INFO 37656 --- [priyhotel] [           main] com.zaxxer.hikari.pool.HikariPool        : HikariPool-1 - Added connection conn0: url=jdbc:h2:file:/data/hotel_db user=SA
2025-04-10T22:25:30.225+05:30  INFO 37656 --- [priyhotel] [           main] com.zaxxer.hikari.HikariDataSource       : HikariPool-1 - Start completed.
2025-04-10T22:25:30.249+05:30  WARN 37656 --- [priyhotel] [           main] org.hibernate.orm.deprecation            : HHH90000025: H2Dialect does not need to be specified explicitly using 'hibernate.dialect' (remove the property setting and it will be selected by default)
2025-04-10T22:25:30.270+05:30  INFO 37656 --- [priyhotel] [           main] org.hibernate.orm.connections.pooling    : HHH10001005: Database info:
	Database JDBC URL [Connecting through datasource 'HikariDataSource (HikariPool-1)']
	Database driver: undefined/unknown
	Database version: 2.3.232
	Autocommit mode: undefined/unknown
	Isolation level: undefined/unknown
	Minimum pool size: undefined/unknown
	Maximum pool size: undefined/unknown
2025-04-10T22:25:31.475+05:30  INFO 37656 --- [priyhotel] [           main] o.h.e.t.j.p.i.JtaPlatformInitiator       : HHH000489: No JTA platform available (set 'hibernate.transaction.jta.platform' to enable JTA platform integration)
Hibernate: drop table if exists amenities cascade 
Hibernate: drop table if exists assets cascade 
Hibernate: drop table if exists booked_rooms cascade 
Hibernate: drop table if exists bookings cascade 
Hibernate: drop table if exists coupons cascade 
Hibernate: drop table if exists hotel_assets cascade 
Hibernate: drop table if exists hotel_room_types cascade 
Hibernate: drop table if exists hotels cascade 
Hibernate: drop table if exists locations cascade 
Hibernate: drop table if exists payments cascade 
Hibernate: drop table if exists review_assets cascade 
Hibernate: drop table if exists reviews cascade 
Hibernate: drop table if exists room_type_amenities cascade 
Hibernate: drop table if exists room_type_assets cascade 
Hibernate: drop table if exists room_types cascade 
Hibernate: drop table if exists rooms cascade 
Hibernate: drop table if exists users cascade 
Hibernate: create table amenities (id bigint generated by default as identity, amenity_description varchar(255), amenity_icon_url varchar(255), amenity_name varchar(255), primary key (id))
Hibernate: create table assets (id bigint generated by default as identity, asset_thumb_url varchar(255), asset_url varchar(255), asset_type enum ('image','jpeg','jpg','png'), primary key (id))
Hibernate: create table booked_rooms (no_of_adults integer, no_of_childs integer, no_of_nights integer, booking_id bigint, id bigint generated by default as identity, room_id bigint, primary key (id))
Hibernate: create table bookings (check_in_date date not null, check_out_date date not null, coupon_applied boolean, discount_amount float(53), total_amount float(53) not null, total_rooms integer, hotel_id bigint not null, id bigint generated by default as identity, user_id bigint not null, booking_number varchar(255), coupon_code varchar(255), payment_type enum ('PARTIALLY_PAID','POSTPAID','PREPAID'), status enum ('CANCELLED','COMPLETED','CONFIRMED','PENDING'), primary key (id))
Hibernate: create table coupons (active boolean not null, discount_amount float(53) not null, discount_percentage float(53) not null, max_discount_amount float(53) not null, min_order_amount float(53) not null, expiry_date timestamp(6), id bigint generated by default as identity, code varchar(255) not null unique, primary key (id))
Hibernate: create table hotel_assets (asset_id bigint not null, hotel_id bigint not null)
Hibernate: create table hotel_room_types (hotel_id bigint not null, room_type_id bigint not null)
Hibernate: create table hotels (id bigint generated by default as identity, location_id bigint not null, address varchar(255) not null, contact_number varchar(255) not null, email varchar(255) not null, name varchar(255) not null, primary key (id))
Hibernate: create table locations (id bigint generated by default as identity, city varchar(255) not null, country varchar(255) not null, state varchar(255) not null, primary key (id))
Hibernate: create table payments (amount float(53) not null, booking_id bigint not null, id bigint generated by default as identity, payment_date timestamp(6) not null, razorpay_order_id varchar(255) not null unique, razorpay_payment_id varchar(255) not null unique, status varchar(255) not null, primary key (id))
Hibernate: create table review_assets (asset_id bigint not null, review_id bigint not null)
Hibernate: create table reviews (rating integer, hotel_id bigint not null, id bigint generated by default as identity, user_id bigint not null, comment varchar(255), primary key (id))
Hibernate: create table room_type_amenities (amenity_id bigint not null, room_type_id bigint not null)
Hibernate: create table room_type_assets (asset_id bigint not null, room_type_id bigint not null)
Hibernate: create table room_types (capacity_adult integer, capacity_child integer, price_per_night float(53), room_size_in_square_feet integer, id bigint generated by default as identity, description varchar(255), type_name varchar(255), primary key (id))
Hibernate: create table rooms (available boolean not null, hotel_id bigint not null, id bigint generated by default as identity, room_type_id bigint, room_number varchar(255) not null, primary key (id))
Hibernate: create table users (id bigint generated by default as identity, contact_number varchar(255) not null unique, email varchar(255) unique, name varchar(255), password varchar(255), role enum ('ADMIN','USER'), primary key (id))
Hibernate: alter table if exists booked_rooms add constraint FK3x1lpikb2vk75nx41lxhdicvn foreign key (booking_id) references bookings
Hibernate: alter table if exists booked_rooms add constraint FKapxyrarg8tnmo2ydnf7v3w4le foreign key (room_id) references rooms
Hibernate: alter table if exists bookings add constraint FK7y09f5lun38jnooaw2hch0ke9 foreign key (hotel_id) references hotels
Hibernate: alter table if exists bookings add constraint FKeyog2oic85xg7hsu2je2lx3s6 foreign key (user_id) references users
Hibernate: alter table if exists hotel_assets add constraint FK897aw5uudon29tmfyn1av5i46 foreign key (asset_id) references assets
Hibernate: alter table if exists hotel_assets add constraint FK40hobs8ya4bk5l04gqg2jbtbq foreign key (hotel_id) references hotels
Hibernate: alter table if exists hotel_room_types add constraint FK6otdxp2qa4l5kmp0ijpbspegs foreign key (room_type_id) references room_types
Hibernate: alter table if exists hotel_room_types add constraint FKr1op5ia2dcxem6g9oj4ahm2k5 foreign key (hotel_id) references hotels
Hibernate: alter table if exists hotels add constraint FKqs8u4n6x2f5anae9lllt3857p foreign key (location_id) references locations
Hibernate: alter table if exists payments add constraint FKc52o2b1jkxttngufqp3t7jr3h foreign key (booking_id) references bookings
Hibernate: alter table if exists review_assets add constraint FK7tyhtpws1p2mahh6g0vrqd3ig foreign key (asset_id) references assets
Hibernate: alter table if exists review_assets add constraint FKne3l9y50d6jn0f148gi2rcf8c foreign key (review_id) references reviews
Hibernate: alter table if exists reviews add constraint FKb9igk5exfb4knqklcvka6cdhx foreign key (hotel_id) references hotels
Hibernate: alter table if exists reviews add constraint FKcgy7qjc1r99dp117y9en6lxye foreign key (user_id) references users
Hibernate: alter table if exists room_type_amenities add constraint FKb0f26lwwbfekxju497bdhqm8y foreign key (amenity_id) references amenities
Hibernate: alter table if exists room_type_amenities add constraint FKdo00a57krcy83usnwd9xclxhk foreign key (room_type_id) references room_types
Hibernate: alter table if exists room_type_assets add constraint FKkdddclywoxbeq262awyjilswj foreign key (asset_id) references assets
Hibernate: alter table if exists room_type_assets add constraint FK2her3uldqpim7277g6gcqt4pk foreign key (room_type_id) references room_types
Hibernate: alter table if exists rooms add constraint FKp5lufxy0ghq53ugm93hdc941k foreign key (hotel_id) references hotels
Hibernate: alter table if exists rooms add constraint FKh9m2n1paq5hmd3u0klfl7wsfv foreign key (room_type_id) references room_types
Hibernate: INSERT INTO amenities (id, amenity_description, amenity_icon_url, amenity_name) VALUES (1, 'Attached bathroom', null, 'Attached bathroom')
Hibernate: INSERT INTO amenities (id, amenity_description, amenity_icon_url, amenity_name) VALUES (2, 'Luggage storage', null, 'Luggage storage')
Hibernate: INSERT INTO amenities (id, amenity_description, amenity_icon_url, amenity_name) VALUES (3, 'Cotton linens', null, 'Cotton linens')
Hibernate: INSERT INTO amenities (id, amenity_description, amenity_icon_url, amenity_name) VALUES (4, 'Air conditioning', null, 'Air conditioning')
Hibernate: INSERT INTO amenities (id, amenity_description, amenity_icon_url, amenity_name) VALUES (5, 'Designated sitting area with table and chair', null, 'Designated sitting area with table and chair')
Hibernate: INSERT INTO amenities (id, amenity_description, amenity_icon_url, amenity_name) VALUES (6, 'Bottled water', null, 'Bottled water')
Hibernate: INSERT INTO amenities (id, amenity_description, amenity_icon_url, amenity_name) VALUES (7, 'Toiletries', null, 'Toiletries')
Hibernate: INSERT INTO amenities (id, amenity_description, amenity_icon_url, amenity_name) VALUES (8, 'Larger room size', null, 'Larger room size')
Hibernate: INSERT INTO amenities (id, amenity_description, amenity_icon_url, amenity_name) VALUES (9, 'Working desk', null, 'Working desk')
Hibernate: ALTER TABLE amenities ALTER COLUMN id RESTART WITH 10
Hibernate: INSERT INTO room_types (id, type_name, description, capacity_adult, capacity_child, price_per_night, room_size_in_square_feet) VALUES (1, 'Non-AC Room', 'Comfortable and functional, ideal for a simple and bidget-friendly stay.', 2, 1, 1200, null)
Hibernate: INSERT INTO room_types (id, type_name, description, capacity_adult, capacity_child, price_per_night, room_size_in_square_feet) VALUES (2, 'Deluxe Room', 'Thoughtfully designed with added comfort and convenience for a relaxing experience.', 2, 1, 1500, null)
Hibernate: INSERT INTO room_types (id, type_name, description, capacity_adult, capacity_child, price_per_night, room_size_in_square_feet) VALUES (3, 'Executive Room', 'Spacious and well-equipped, perfect for business travelers seeking extra comfort and functionality.', 2, 1, 1800, null)
Hibernate: ALTER TABLE room_types ALTER COLUMN id RESTART WITH 4
Hibernate: INSERT INTO room_type_amenities(amenity_id, room_type_id) VALUES (1, 1)
Hibernate: INSERT INTO room_type_amenities(amenity_id, room_type_id) VALUES (1, 2)
Hibernate: INSERT INTO room_type_amenities(amenity_id, room_type_id) VALUES (1, 3)
Hibernate: INSERT INTO room_type_amenities(amenity_id, room_type_id) VALUES (2, 1)
Hibernate: INSERT INTO room_type_amenities(amenity_id, room_type_id) VALUES (2, 2)
Hibernate: INSERT INTO room_type_amenities(amenity_id, room_type_id) VALUES (2, 3)
Hibernate: INSERT INTO room_type_amenities(amenity_id, room_type_id) VALUES (3, 1)
Hibernate: INSERT INTO room_type_amenities(amenity_id, room_type_id) VALUES (3, 2)
Hibernate: INSERT INTO room_type_amenities(amenity_id, room_type_id) VALUES (3, 3)
Hibernate: INSERT INTO room_type_amenities(amenity_id, room_type_id) VALUES (4, 2)
Hibernate: INSERT INTO room_type_amenities(amenity_id, room_type_id) VALUES (4, 3)
Hibernate: INSERT INTO room_type_amenities(amenity_id, room_type_id) VALUES (5, 2)
Hibernate: INSERT INTO room_type_amenities(amenity_id, room_type_id) VALUES (5, 3)
Hibernate: INSERT INTO room_type_amenities(amenity_id, room_type_id) VALUES (6, 2)
Hibernate: INSERT INTO room_type_amenities(amenity_id, room_type_id) VALUES (6, 3)
Hibernate: INSERT INTO room_type_amenities(amenity_id, room_type_id) VALUES (7, 2)
Hibernate: INSERT INTO room_type_amenities(amenity_id, room_type_id) VALUES (7, 3)
Hibernate: INSERT INTO room_type_amenities(amenity_id, room_type_id) VALUES (8, 3)
Hibernate: INSERT INTO room_type_amenities(amenity_id, room_type_id) VALUES (9, 3)
Hibernate: INSERT INTO users(id, name, email, password, contact_number, role) VALUES (1, 'admin', 'admin@gmail.com', '$2a$10$gyOmCX4.JZR1xw3rfb5IA.E9W7OiXJArX71fvKeJkBzz77cteSsb2', '1234567890', 'ADMIN')
Hibernate: INSERT INTO users(id, name, email, password, contact_number, role) VALUES (2, 'testuser', 'testuser@gmail.com', '', '1234567891', 'USER')
Hibernate: ALTER TABLE users ALTER COLUMN id RESTART WITH 3
Hibernate: INSERT INTO locations(id, city, state, country) VALUES (1, 'Mumbai', 'Maharashtra', 'India')
Hibernate: ALTER TABLE locations ALTER COLUMN id RESTART WITH 2
Hibernate: INSERT INTO hotels(id, location_id, name, email, contact_number, address) VALUES (1, 1, 'Hotel Pride', '', '9819914047', 'Hotel Pride, Lbs Marg, Rs, Dreams Mall Rd, next to icici bank, Bhandup West, Mumbai, Maharashtra 400078')
Hibernate: ALTER TABLE hotels ALTER COLUMN id RESTART WITH 2
Hibernate: INSERT INTO hotel_room_types(hotel_id, room_type_id) VALUES (1, 1)
Hibernate: INSERT INTO hotel_room_types(hotel_id, room_type_id) VALUES (1, 2)
Hibernate: INSERT INTO hotel_room_types(hotel_id, room_type_id) VALUES (1, 3)
Hibernate: INSERT INTO rooms(id, hotel_id, room_number, room_type_id, available) VALUES (1, 1, '101', 1, 1)
Hibernate: INSERT INTO rooms(id, hotel_id, room_number, room_type_id, available) VALUES (2, 1, '102', 1, 1)
Hibernate: INSERT INTO rooms(id, hotel_id, room_number, room_type_id, available) VALUES (3, 1, '103', 1, 1)
Hibernate: INSERT INTO rooms(id, hotel_id, room_number, room_type_id, available) VALUES (4, 1, '104', 1, 1)
Hibernate: INSERT INTO rooms(id, hotel_id, room_number, room_type_id, available) VALUES (5, 1, '105', 1, 1)
Hibernate: INSERT INTO rooms(id, hotel_id, room_number, room_type_id, available) VALUES (6, 1, '106', 1, 1)
Hibernate: INSERT INTO rooms(id, hotel_id, room_number, room_type_id, available) VALUES (7, 1, '107', 1, 1)
Hibernate: INSERT INTO rooms(id, hotel_id, room_number, room_type_id, available) VALUES (8, 1, '108', 1, 1)
Hibernate: INSERT INTO rooms(id, hotel_id, room_number, room_type_id, available) VALUES (9, 1, '109', 1, 1)
Hibernate: INSERT INTO rooms(id, hotel_id, room_number, room_type_id, available) VALUES (10, 1, '110', 1, 1)
Hibernate: INSERT INTO rooms(id, hotel_id, room_number, room_type_id, available) VALUES (11, 1, '111', 1, 1)
Hibernate: INSERT INTO rooms(id, hotel_id, room_number, room_type_id, available) VALUES (12, 1, '201', 2, 1)
Hibernate: INSERT INTO rooms(id, hotel_id, room_number, room_type_id, available) VALUES (13, 1, '202', 2, 1)
Hibernate: INSERT INTO rooms(id, hotel_id, room_number, room_type_id, available) VALUES (14, 1, '203', 2, 1)
Hibernate: INSERT INTO rooms(id, hotel_id, room_number, room_type_id, available) VALUES (15, 1, '204', 2, 1)
Hibernate: INSERT INTO rooms(id, hotel_id, room_number, room_type_id, available) VALUES (16, 1, '205', 2, 1)
Hibernate: INSERT INTO rooms(id, hotel_id, room_number, room_type_id, available) VALUES (17, 1, '206', 2, 1)
Hibernate: INSERT INTO rooms(id, hotel_id, room_number, room_type_id, available) VALUES (18, 1, '207', 2, 1)
Hibernate: INSERT INTO rooms(id, hotel_id, room_number, room_type_id, available) VALUES (19, 1, '208', 2, 1)
Hibernate: INSERT INTO rooms(id, hotel_id, room_number, room_type_id, available) VALUES (20, 1, '209', 2, 1)
Hibernate: INSERT INTO rooms(id, hotel_id, room_number, room_type_id, available) VALUES (21, 1, '210', 2, 1)
Hibernate: INSERT INTO rooms(id, hotel_id, room_number, room_type_id, available) VALUES (22, 1, '211', 2, 1)
Hibernate: INSERT INTO rooms(id, hotel_id, room_number, room_type_id, available) VALUES (23, 1, '301', 3, 1)
Hibernate: INSERT INTO rooms(id, hotel_id, room_number, room_type_id, available) VALUES (24, 1, '302', 3, 1)
Hibernate: INSERT INTO rooms(id, hotel_id, room_number, room_type_id, available) VALUES (25, 1, '303', 3, 1)
Hibernate: INSERT INTO rooms(id, hotel_id, room_number, room_type_id, available) VALUES (26, 1, '304', 3, 1)
Hibernate: INSERT INTO rooms(id, hotel_id, room_number, room_type_id, available) VALUES (27, 1, '305', 3, 1)
Hibernate: INSERT INTO rooms(id, hotel_id, room_number, room_type_id, available) VALUES (28, 1, '306', 3, 1)
Hibernate: INSERT INTO rooms(id, hotel_id, room_number, room_type_id, available) VALUES (29, 1, '307', 3, 1)
Hibernate: INSERT INTO rooms(id, hotel_id, room_number, room_type_id, available) VALUES (30, 1, '308', 3, 1)
Hibernate: INSERT INTO rooms(id, hotel_id, room_number, room_type_id, available) VALUES (31, 1, '309', 3, 1)
Hibernate: INSERT INTO rooms(id, hotel_id, room_number, room_type_id, available) VALUES (32, 1, '310', 3, 1)
Hibernate: INSERT INTO rooms(id, hotel_id, room_number, room_type_id, available) VALUES (33, 1, '311', 3, 1)
Hibernate: ALTER TABLE rooms ALTER COLUMN id RESTART WITH 3
Hibernate: INSERT INTO assets (id, asset_thumb_url, asset_url, asset_type) VALUES ( 1, NULL, '/1743922849947-non_ac_img_1.jpeg', 'image')
Hibernate: INSERT INTO assets (id, asset_thumb_url, asset_url, asset_type) VALUES ( 2, NULL, '/1743922849959-non_ac_img_2.JPG', 'image')
Hibernate: INSERT INTO assets (id, asset_thumb_url, asset_url, asset_type) VALUES ( 3, NULL, '/1743922849995-non_ac_img_3.JPG', 'image')
Hibernate: INSERT INTO assets (id, asset_thumb_url, asset_url, asset_type) VALUES ( 4, NULL, '/1743923045364-deluxe_room_1.jpeg', 'image')
Hibernate: INSERT INTO assets (id, asset_thumb_url, asset_url, asset_type) VALUES ( 5, NULL, '/1743923045387-deluxe_room_2.JPG', 'image')
Hibernate: INSERT INTO assets (id, asset_thumb_url, asset_url, asset_type) VALUES ( 6, NULL, '/1743923045425-deluxe_room_3.JPG', 'image')
Hibernate: INSERT INTO assets (id, asset_thumb_url, asset_url, asset_type) VALUES ( 7, NULL, '/1743923045450-deluxe_room_4.JPG', 'image')
Hibernate: INSERT INTO assets (id, asset_thumb_url, asset_url, asset_type) VALUES ( 8, NULL, '/1743923059725-executive_room_1.jpeg', 'image')
Hibernate: INSERT INTO assets (id, asset_thumb_url, asset_url, asset_type) VALUES ( 9, NULL, '/1743923059734-executive_room_2.jpeg', 'image')
Hibernate: INSERT INTO assets (id, asset_thumb_url, asset_url, asset_type) VALUES ( 10, NULL, '/1743923059745-executive_room_3.JPG', 'image')
Hibernate: INSERT INTO assets (id, asset_thumb_url, asset_url, asset_type) VALUES ( 11, NULL, '/1743923059774-executive_room_4.JPG', 'image')
Hibernate: INSERT INTO room_type_assets(asset_id, room_type_id) VALUES (1, 1)
Hibernate: INSERT INTO room_type_assets(asset_id, room_type_id) VALUES (2, 1)
Hibernate: INSERT INTO room_type_assets(asset_id, room_type_id) VALUES (3, 1)
Hibernate: INSERT INTO room_type_assets(asset_id, room_type_id) VALUES (4, 2)
Hibernate: INSERT INTO room_type_assets(asset_id, room_type_id) VALUES (5, 2)
Hibernate: INSERT INTO room_type_assets(asset_id, room_type_id) VALUES (6, 2)
Hibernate: INSERT INTO room_type_assets(asset_id, room_type_id) VALUES (7, 2)
Hibernate: INSERT INTO room_type_assets(asset_id, room_type_id) VALUES (8, 3)
Hibernate: INSERT INTO room_type_assets(asset_id, room_type_id) VALUES (9, 3)
Hibernate: INSERT INTO room_type_assets(asset_id, room_type_id) VALUES (10, 3)
Hibernate: INSERT INTO room_type_assets(asset_id, room_type_id) VALUES (11, 3)
2025-04-10T22:25:31.613+05:30  INFO 37656 --- [priyhotel] [           main] j.LocalContainerEntityManagerFactoryBean : Initialized JPA EntityManagerFactory for persistence unit 'default'
2025-04-10T22:25:32.303+05:30  INFO 37656 --- [priyhotel] [           main] o.s.d.j.r.query.QueryEnhancerFactory     : Hibernate is in classpath; If applicable, HQL parser will be used.
2025-04-10T22:25:34.166+05:30  WARN 37656 --- [priyhotel] [           main] JpaBaseConfiguration$JpaWebConfiguration : spring.jpa.open-in-view is enabled by default. Therefore, database queries may be performed during view rendering. Explicitly configure spring.jpa.open-in-view to disable this warning
2025-04-10T22:25:34.200+05:30  WARN 37656 --- [priyhotel] [           main] .s.s.UserDetailsServiceAutoConfiguration : 

Using generated security password: f1a0bf66-7ec6-49a1-a5be-36552952181f

This generated password is for development use only. Your security configuration must be updated before running your application in production.

2025-04-10T22:25:34.218+05:30  INFO 37656 --- [priyhotel] [           main] r$InitializeUserDetailsManagerConfigurer : Global AuthenticationManager configured with UserDetailsService bean with name inMemoryUserDetailsManager
2025-04-10T22:25:35.245+05:30  WARN 37656 --- [priyhotel] [           main] ion$DefaultTemplateResolverConfiguration : Cannot find template location: classpath:/templates/ (please add some templates, check your Thymeleaf configuration, or set spring.thymeleaf.check-template-location=false)
2025-04-10T22:25:35.427+05:30  INFO 37656 --- [priyhotel] [           main] o.s.b.a.h2.H2ConsoleAutoConfiguration    : H2 console available at '/h2-console'. Database available at 'jdbc:h2:file:/data/hotel_db'
2025-04-10T22:25:35.528+05:30  INFO 37656 --- [priyhotel] [           main] c.priyhotel.PriyhotelApplicationTests    : Started PriyhotelApplicationTests in 9.462 seconds (process running for 11.634)
]]></system-out>
    <system-err><![CDATA[Mockito is currently self-attaching to enable the inline-mock-maker. This will no longer work in future releases of the JDK. Please add Mockito as an agent to your build what is described in Mockito's documentation: https://javadoc.io/doc/org.mockito/mockito-core/latest/org/mockito/Mockito.html#0.3
WARNING: A Java agent has been loaded dynamically (C:\Users\mohammadansari01\.m2\repository\net\bytebuddy\byte-buddy-agent\1.15.11\byte-buddy-agent-1.15.11.jar)
WARNING: If a serviceability tool is in use, please run with -XX:+EnableDynamicAgentLoading to hide this warning
WARNING: If a serviceability tool is not in use, please run with -Djdk.instrument.traceUsage for more information
WARNING: Dynamic loading of agents will be disallowed by default in a future release
]]></system-err>
  </testcase>
</testsuite>